<?xml version="1.0" encoding="UTF-8"?>
<!-- Generated by org.testng.reporters.JUnitReportReporter -->
<testsuite hostname="LAPTOP-LRF84BSB" failures="0" tests="1" name="org.example.E2EBookingApiTests" time="22.478" errors="0" timestamp="2024-10-05T23:24:44 IST" skipped="0">
  <testcase classname="org.example.E2EBookingApiTests" name="e2eBookingTest" time="22.478"/>
</testsuite> <!-- org.example.E2EBookingApiTests -->
